<?xml version="1.0" encoding="UTF-8"?>
<testsuite name="Tests for ArrayUtils.isSorted" tests="1" skipped="0" failures="0" errors="0" timestamp="2020-11-29T20:15:26" hostname="LAPTOP-7VRAEFL6" time="0.069">
  <properties/>
  <testcase name="testUnsortedStrings()" classname="TestIsSorted" time="0.069"/>
  <system-out><![CDATA[Page,
servant
to
the
Countess
of
Rossillon.
COUNTESS
OF
ROSSILLON,
mother
to
Bertram.
HELENA,
a
Gentlewoman
protected
by
the
Countess.
An
old
WIDOW
of
Florence.
DIANA,
daughter
to
the
Widow.
VIOLENTA,
neighbour
and
friend
to
the
Widow.
MARIANA,
neighbour
and
friend
to
the
Widow.
Lords
attending
on
the
KING;
Officers;
Soldiers,
&c.,
French
and
Florentine.
SCENE:
Partly
in
France,
and
partly
in
Tuscany.
ACT
I
SCENE
I.
Rossillon.
A
room
in
the
Countessâ€™s
palace.
Enter
Bertram,
the
Countess
of
Rossillon,
Helena,
and
Lafew,
all
in
black.
COUNTESS.
In
delivering
my
son
from
me,
I
bury
a
second
husband.
BERTRAM.
And
I
in
going,
madam,
weep
oâ€™er
my
fatherâ€™s
death
anew;
but
I
must
attend
his
majestyâ€™s
command,
to
whom
I
am
now
in
ward,
evermore
in
subjection.
LAFEW.
You
shall
find
of
the
king
a
husband,
madam;
you,
sir,
a
father.
He
that
so
generally
is
at
all
times
good,
must
of
necessity
hold
his
virtue
to
you,
whose
worthiness
would
stir
it
up
where
it
wanted,
rather
than
lack
it
where
there
is
such
abundance.
COUNTESS.
What
hope
is
there
of
his
majestyâ€™s
amendment?
LAFEW.
He
hath
abandonâ€™d
his
physicians,
madam;
]]></system-out>
  <system-err><![CDATA[]]></system-err>
</testsuite>
