<?xml version="1.0" encoding="UTF-8"?>
<testsuite name="DnaTest" tests="1" skipped="0" failures="0" errors="0" timestamp="2020-10-10T19:50:50" hostname="LAPTOP-7VRAEFL6" time="0.04">
  <properties/>
  <testcase name="testWatsonCrickComplement()" classname="DnaTest" time="0.04"/>
  <system-out><![CDATA[]]></system-out>
  <system-err><![CDATA[]]></system-err>
</testsuite>
