<?xml version="1.0" encoding="UTF-8"?>
<testsuite name="UrlTest" tests="1" skipped="0" failures="0" errors="0" timestamp="2020-10-10T19:50:50" hostname="LAPTOP-7VRAEFL6" time="0.066">
  <properties/>
  <testcase name="testReverseDomains()" classname="UrlTest" time="0.066"/>
  <system-out><![CDATA[]]></system-out>
  <system-err><![CDATA[]]></system-err>
</testsuite>
