<?xml version="1.0" encoding="UTF-8"?>
<testsuite name="RectangleTest" tests="1" skipped="0" failures="0" errors="0" timestamp="2020-10-19T01:44:02" hostname="LAPTOP-7VRAEFL6" time="0.172">
  <properties/>
  <testcase name="testRectangle()" classname="RectangleTest" time="0.172"/>
  <system-out><![CDATA[]]></system-out>
  <system-err><![CDATA[]]></system-err>
</testsuite>
