<?xml version="1.0" encoding="UTF-8"?>
<testsuite name="GenericBabyNamesPopularityQueryTest" tests="1" skipped="0" failures="0" errors="0" timestamp="2020-11-22T23:53:16" hostname="LAPTOP-7VRAEFL6" time="0.005">
  <properties/>
  <testcase name="topKReturnTypeIsRight()" classname="GenericBabyNamesPopularityQueryTest" time="0.005"/>
  <system-out><![CDATA[]]></system-out>
  <system-err><![CDATA[]]></system-err>
</testsuite>
