<?xml version="1.0" encoding="UTF-8"?>
<testsuite name="RankingOutOfBoundsExceptionTest" tests="2" skipped="0" failures="0" errors="0" timestamp="2020-11-22T23:53:17" hostname="LAPTOP-7VRAEFL6" time="0.033">
  <properties/>
  <testcase name="throwsAtTopK()" classname="RankingOutOfBoundsExceptionTest" time="0.003"/>
  <testcase name="doesNotThrowAtTopK()" classname="RankingOutOfBoundsExceptionTest" time="0.028"/>
  <system-out><![CDATA[]]></system-out>
  <system-err><![CDATA[]]></system-err>
</testsuite>
