<?xml version="1.0" encoding="UTF-8"?>
<testsuite name="GenderNotFoundExceptionTest" tests="10" skipped="0" failures="0" errors="0" timestamp="2020-11-22T23:53:16" hostname="LAPTOP-7VRAEFL6" time="0.669">
  <properties/>
  <testcase name="doesNotThrowAtGetCount()" classname="GenderNotFoundExceptionTest" time="0.157"/>
  <testcase name="doesNotThrowAtGetTotal()" classname="GenderNotFoundExceptionTest" time="0.117"/>
  <testcase name="throwsAtTopK()" classname="GenderNotFoundExceptionTest" time="0.066"/>
  <testcase name="throwsAtGetRanking()" classname="GenderNotFoundExceptionTest" time="0.039"/>
  <testcase name="doesNotThrowAtExport()" classname="GenderNotFoundExceptionTest" time="0.17"/>
  <testcase name="throwsAtGetCount()" classname="GenderNotFoundExceptionTest" time="0.024"/>
  <testcase name="throwsAtGetTotal()" classname="GenderNotFoundExceptionTest" time="0.033"/>
  <testcase name="doesNotThrowAtTopK()" classname="GenderNotFoundExceptionTest" time="0.013"/>
  <testcase name="throwsAtExport()" classname="GenderNotFoundExceptionTest" time="0.024"/>
  <testcase name="doesNotThrowAtGetRanking()" classname="GenderNotFoundExceptionTest" time="0.014"/>
  <system-out><![CDATA[]]></system-out>
  <system-err><![CDATA[]]></system-err>
</testsuite>
