<?xml version="1.0" encoding="UTF-8"?>
<testsuite name="AppTest" tests="6" skipped="0" failures="0" errors="0" timestamp="2020-10-25T23:27:46" hostname="LAPTOP-7VRAEFL6" time="0.092">
  <properties/>
  <testcase name="testLines()" classname="AppTest" time="0.043"/>
  <testcase name="testRectangles()" classname="AppTest" time="0.019"/>
  <testcase name="testTriangles()" classname="AppTest" time="0.006"/>
  <testcase name="testCircles()" classname="AppTest" time="0.006"/>
  <testcase name="testEllipses()" classname="AppTest" time="0.005"/>
  <testcase name="testParallelograms()" classname="AppTest" time="0.008"/>
  <system-out><![CDATA[]]></system-out>
  <system-err><![CDATA[]]></system-err>
</testsuite>
